{"/Users/amaesanchez/Rithm29/program/Exercises/jobly/app.js": {"path":"/Users/amaesanchez/Rithm29/program/Exercises/jobly/app.js","statementMap":{"0":{"start":{"line":5,"column":16},"end":{"line":5,"column":34}},"1":{"start":{"line":6,"column":13},"end":{"line":6,"column":28}},"2":{"start":{"line":8,"column":26},"end":{"line":8,"column":51}},"3":{"start":{"line":10,"column":28},"end":{"line":10,"column":56}},"4":{"start":{"line":11,"column":19},"end":{"line":11,"column":43}},"5":{"start":{"line":12,"column":24},"end":{"line":12,"column":53}},"6":{"start":{"line":13,"column":20},"end":{"line":13,"column":45}},"7":{"start":{"line":15,"column":15},"end":{"line":15,"column":32}},"8":{"start":{"line":17,"column":12},"end":{"line":17,"column":21}},"9":{"start":{"line":19,"column":0},"end":{"line":19,"column":16}},"10":{"start":{"line":20,"column":0},"end":{"line":20,"column":24}},"11":{"start":{"line":21,"column":0},"end":{"line":21,"column":24}},"12":{"start":{"line":22,"column":0},"end":{"line":22,"column":25}},"13":{"start":{"line":24,"column":0},"end":{"line":24,"column":29}},"14":{"start":{"line":25,"column":0},"end":{"line":25,"column":39}},"15":{"start":{"line":26,"column":0},"end":{"line":26,"column":31}},"16":{"start":{"line":30,"column":0},"end":{"line":32,"column":3}},"17":{"start":{"line":31,"column":2},"end":{"line":31,"column":28}},"18":{"start":{"line":35,"column":0},"end":{"line":43,"column":3}},"19":{"start":{"line":36,"column":2},"end":{"line":36,"column":64}},"20":{"start":{"line":36,"column":39},"end":{"line":36,"column":64}},"21":{"start":{"line":37,"column":17},"end":{"line":37,"column":34}},"22":{"start":{"line":38,"column":18},"end":{"line":38,"column":29}},"23":{"start":{"line":40,"column":2},"end":{"line":42,"column":5}},"24":{"start":{"line":45,"column":0},"end":{"line":45,"column":21}}},"fnMap":{"0":{"name":"(anonymous_0)","decl":{"start":{"line":30,"column":8},"end":{"line":30,"column":9}},"loc":{"start":{"line":30,"column":34},"end":{"line":32,"column":1}},"line":30},"1":{"name":"(anonymous_1)","decl":{"start":{"line":35,"column":8},"end":{"line":35,"column":9}},"loc":{"start":{"line":35,"column":39},"end":{"line":43,"column":1}},"line":35}},"branchMap":{"0":{"loc":{"start":{"line":36,"column":2},"end":{"line":36,"column":64}},"type":"if","locations":[{"start":{"line":36,"column":2},"end":{"line":36,"column":64}},{"start":{},"end":{}}],"line":36},"1":{"loc":{"start":{"line":37,"column":17},"end":{"line":37,"column":34}},"type":"binary-expr","locations":[{"start":{"line":37,"column":17},"end":{"line":37,"column":27}},{"start":{"line":37,"column":31},"end":{"line":37,"column":34}}],"line":37}},"s":{"0":4,"1":4,"2":4,"3":4,"4":4,"5":4,"6":4,"7":4,"8":4,"9":4,"10":4,"11":4,"12":4,"13":4,"14":4,"15":4,"16":4,"17":2,"18":4,"19":39,"20":1,"21":39,"22":39,"23":39,"24":4},"f":{"0":2,"1":39},"b":{"0":[1,38],"1":[39,2]},"_coverageSchema":"1a1c01bbd47fc00a2c39e90264f33305004495a9","hash":"6515a6dde8b66a2e0d5b33bfec67e7660d8b8be9"}
,"/Users/amaesanchez/Rithm29/program/Exercises/jobly/config.js": {"path":"/Users/amaesanchez/Rithm29/program/Exercises/jobly/config.js","statementMap":{"0":{"start":{"line":5,"column":0},"end":{"line":5,"column":27}},"1":{"start":{"line":6,"column":0},"end":{"line":6,"column":18}},"2":{"start":{"line":8,"column":19},"end":{"line":8,"column":57}},"3":{"start":{"line":10,"column":13},"end":{"line":10,"column":38}},"4":{"start":{"line":14,"column":2},"end":{"line":16,"column":44}},"5":{"start":{"line":22,"column":27},"end":{"line":22,"column":67}},"6":{"start":{"line":24,"column":0},"end":{"line":24,"column":35}},"7":{"start":{"line":25,"column":0},"end":{"line":25,"column":46}},"8":{"start":{"line":26,"column":0},"end":{"line":26,"column":45}},"9":{"start":{"line":27,"column":0},"end":{"line":27,"column":61}},"10":{"start":{"line":28,"column":0},"end":{"line":28,"column":50}},"11":{"start":{"line":29,"column":0},"end":{"line":29,"column":19}},"12":{"start":{"line":31,"column":0},"end":{"line":36,"column":2}}},"fnMap":{"0":{"name":"getDatabaseUri","decl":{"start":{"line":13,"column":9},"end":{"line":13,"column":23}},"loc":{"start":{"line":13,"column":26},"end":{"line":17,"column":1}},"line":13}},"branchMap":{"0":{"loc":{"start":{"line":8,"column":19},"end":{"line":8,"column":57}},"type":"binary-expr","locations":[{"start":{"line":8,"column":19},"end":{"line":8,"column":41}},{"start":{"line":8,"column":45},"end":{"line":8,"column":57}}],"line":8},"1":{"loc":{"start":{"line":10,"column":13},"end":{"line":10,"column":38}},"type":"binary-expr","locations":[{"start":{"line":10,"column":13},"end":{"line":10,"column":30}},{"start":{"line":10,"column":34},"end":{"line":10,"column":38}}],"line":10},"2":{"loc":{"start":{"line":14,"column":9},"end":{"line":16,"column":43}},"type":"cond-expr","locations":[{"start":{"line":15,"column":8},"end":{"line":15,"column":20}},{"start":{"line":16,"column":8},"end":{"line":16,"column":43}}],"line":14},"3":{"loc":{"start":{"line":16,"column":8},"end":{"line":16,"column":43}},"type":"binary-expr","locations":[{"start":{"line":16,"column":8},"end":{"line":16,"column":32}},{"start":{"line":16,"column":36},"end":{"line":16,"column":43}}],"line":16},"4":{"loc":{"start":{"line":22,"column":27},"end":{"line":22,"column":67}},"type":"cond-expr","locations":[{"start":{"line":22,"column":61},"end":{"line":22,"column":62}},{"start":{"line":22,"column":65},"end":{"line":22,"column":67}}],"line":22}},"s":{"0":9,"1":9,"2":9,"3":9,"4":18,"5":9,"6":9,"7":9,"8":9,"9":9,"10":9,"11":9,"12":9},"f":{"0":18},"b":{"0":[9,8],"1":[9,8],"2":[15,3],"3":[3,1],"4":[8,1]},"_coverageSchema":"1a1c01bbd47fc00a2c39e90264f33305004495a9","hash":"79055272eb287176a0527e5189e04684f1d6bc91"}
,"/Users/amaesanchez/Rithm29/program/Exercises/jobly/db.js": {"path":"/Users/amaesanchez/Rithm29/program/Exercises/jobly/db.js","statementMap":{"0":{"start":{"line":5,"column":19},"end":{"line":5,"column":32}},"1":{"start":{"line":6,"column":27},"end":{"line":6,"column":46}},"2":{"start":{"line":8,"column":11},"end":{"line":10,"column":2}},"3":{"start":{"line":12,"column":0},"end":{"line":12,"column":13}},"4":{"start":{"line":14,"column":0},"end":{"line":14,"column":20}}},"fnMap":{},"branchMap":{},"s":{"0":6,"1":6,"2":6,"3":6,"4":6},"f":{},"b":{},"_coverageSchema":"1a1c01bbd47fc00a2c39e90264f33305004495a9","hash":"eb044eb364ba059f825273f3580b9c77e3a354e4"}
,"/Users/amaesanchez/Rithm29/program/Exercises/jobly/expressError.js": {"path":"/Users/amaesanchez/Rithm29/program/Exercises/jobly/expressError.js","statementMap":{"0":{"start":{"line":9,"column":4},"end":{"line":9,"column":12}},"1":{"start":{"line":10,"column":4},"end":{"line":10,"column":27}},"2":{"start":{"line":11,"column":4},"end":{"line":11,"column":25}},"3":{"start":{"line":19,"column":4},"end":{"line":19,"column":24}},"4":{"start":{"line":27,"column":4},"end":{"line":27,"column":24}},"5":{"start":{"line":35,"column":4},"end":{"line":35,"column":24}},"6":{"start":{"line":43,"column":4},"end":{"line":43,"column":24}},"7":{"start":{"line":47,"column":0},"end":{"line":53,"column":2}}},"fnMap":{"0":{"name":"(anonymous_0)","decl":{"start":{"line":8,"column":2},"end":{"line":8,"column":3}},"loc":{"start":{"line":8,"column":31},"end":{"line":12,"column":3}},"line":8},"1":{"name":"(anonymous_1)","decl":{"start":{"line":18,"column":2},"end":{"line":18,"column":3}},"loc":{"start":{"line":18,"column":37},"end":{"line":20,"column":3}},"line":18},"2":{"name":"(anonymous_2)","decl":{"start":{"line":26,"column":2},"end":{"line":26,"column":3}},"loc":{"start":{"line":26,"column":40},"end":{"line":28,"column":3}},"line":26},"3":{"name":"(anonymous_3)","decl":{"start":{"line":34,"column":2},"end":{"line":34,"column":3}},"loc":{"start":{"line":34,"column":39},"end":{"line":36,"column":3}},"line":34},"4":{"name":"(anonymous_4)","decl":{"start":{"line":42,"column":2},"end":{"line":42,"column":3}},"loc":{"start":{"line":42,"column":39},"end":{"line":44,"column":3}},"line":42}},"branchMap":{"0":{"loc":{"start":{"line":18,"column":14},"end":{"line":18,"column":35}},"type":"default-arg","locations":[{"start":{"line":18,"column":24},"end":{"line":18,"column":35}}],"line":18},"1":{"loc":{"start":{"line":26,"column":14},"end":{"line":26,"column":38}},"type":"default-arg","locations":[{"start":{"line":26,"column":24},"end":{"line":26,"column":38}}],"line":26},"2":{"loc":{"start":{"line":34,"column":14},"end":{"line":34,"column":37}},"type":"default-arg","locations":[{"start":{"line":34,"column":24},"end":{"line":34,"column":37}}],"line":34},"3":{"loc":{"start":{"line":42,"column":14},"end":{"line":42,"column":37}},"type":"default-arg","locations":[{"start":{"line":42,"column":24},"end":{"line":42,"column":37}}],"line":42}},"s":{"0":52,"1":52,"2":52,"3":14,"4":20,"5":18,"6":0,"7":8},"f":{"0":52,"1":14,"2":20,"3":18,"4":0},"b":{"0":[2],"1":[16],"2":[1],"3":[0]},"_coverageSchema":"1a1c01bbd47fc00a2c39e90264f33305004495a9","hash":"cc851ad6378a868565383d5a2742c2990f261ea9"}
,"/Users/amaesanchez/Rithm29/program/Exercises/jobly/helpers/sql.js": {"path":"/Users/amaesanchez/Rithm29/program/Exercises/jobly/helpers/sql.js","statementMap":{"0":{"start":{"line":1,"column":28},"end":{"line":1,"column":54}},"1":{"start":{"line":21,"column":15},"end":{"line":21,"column":40}},"2":{"start":{"line":22,"column":2},"end":{"line":22,"column":62}},"3":{"start":{"line":22,"column":25},"end":{"line":22,"column":62}},"4":{"start":{"line":25,"column":15},"end":{"line":27,"column":3}},"5":{"start":{"line":26,"column":22},"end":{"line":26,"column":68}},"6":{"start":{"line":29,"column":2},"end":{"line":32,"column":4}},"7":{"start":{"line":43,"column":21},"end":{"line":43,"column":23}},"8":{"start":{"line":44,"column":17},"end":{"line":44,"column":19}},"9":{"start":{"line":45,"column":2},"end":{"line":60,"column":3}},"10":{"start":{"line":46,"column":18},"end":{"line":46,"column":33}},"11":{"start":{"line":48,"column":4},"end":{"line":59,"column":5}},"12":{"start":{"line":49,"column":6},"end":{"line":58,"column":7}},"13":{"start":{"line":50,"column":8},"end":{"line":50,"column":64}},"14":{"start":{"line":51,"column":8},"end":{"line":51,"column":34}},"15":{"start":{"line":52,"column":13},"end":{"line":58,"column":7}},"16":{"start":{"line":53,"column":8},"end":{"line":53,"column":70}},"17":{"start":{"line":54,"column":8},"end":{"line":54,"column":27}},"18":{"start":{"line":55,"column":13},"end":{"line":58,"column":7}},"19":{"start":{"line":56,"column":8},"end":{"line":56,"column":70}},"20":{"start":{"line":57,"column":8},"end":{"line":57,"column":27}},"21":{"start":{"line":62,"column":17},"end":{"line":62,"column":41}},"22":{"start":{"line":64,"column":2},"end":{"line":67,"column":4}},"23":{"start":{"line":70,"column":0},"end":{"line":73,"column":2}}},"fnMap":{"0":{"name":"sqlForPartialUpdate","decl":{"start":{"line":20,"column":9},"end":{"line":20,"column":28}},"loc":{"start":{"line":20,"column":52},"end":{"line":33,"column":1}},"line":20},"1":{"name":"(anonymous_1)","decl":{"start":{"line":26,"column":4},"end":{"line":26,"column":5}},"loc":{"start":{"line":26,"column":22},"end":{"line":26,"column":68}},"line":26},"2":{"name":"formatWhereCmds","decl":{"start":{"line":42,"column":9},"end":{"line":42,"column":24}},"loc":{"start":{"line":42,"column":34},"end":{"line":68,"column":1}},"line":42}},"branchMap":{"0":{"loc":{"start":{"line":22,"column":2},"end":{"line":22,"column":62}},"type":"if","locations":[{"start":{"line":22,"column":2},"end":{"line":22,"column":62}},{"start":{},"end":{}}],"line":22},"1":{"loc":{"start":{"line":26,"column":26},"end":{"line":26,"column":53}},"type":"binary-expr","locations":[{"start":{"line":26,"column":26},"end":{"line":26,"column":42}},{"start":{"line":26,"column":46},"end":{"line":26,"column":53}}],"line":26},"2":{"loc":{"start":{"line":48,"column":4},"end":{"line":59,"column":5}},"type":"if","locations":[{"start":{"line":48,"column":4},"end":{"line":59,"column":5}},{"start":{},"end":{}}],"line":48},"3":{"loc":{"start":{"line":49,"column":6},"end":{"line":58,"column":7}},"type":"if","locations":[{"start":{"line":49,"column":6},"end":{"line":58,"column":7}},{"start":{"line":52,"column":13},"end":{"line":58,"column":7}}],"line":49},"4":{"loc":{"start":{"line":52,"column":13},"end":{"line":58,"column":7}},"type":"if","locations":[{"start":{"line":52,"column":13},"end":{"line":58,"column":7}},{"start":{"line":55,"column":13},"end":{"line":58,"column":7}}],"line":52},"5":{"loc":{"start":{"line":55,"column":13},"end":{"line":58,"column":7}},"type":"if","locations":[{"start":{"line":55,"column":13},"end":{"line":58,"column":7}},{"start":{},"end":{}}],"line":55}},"s":{"0":7,"1":17,"2":17,"3":3,"4":14,"5":32,"6":14,"7":8,"8":8,"9":8,"10":10,"11":10,"12":10,"13":4,"14":4,"15":6,"16":3,"17":3,"18":3,"19":3,"20":3,"21":8,"22":8,"23":7},"f":{"0":17,"1":32,"2":8},"b":{"0":[3,14],"1":[32,14],"2":[10,0],"3":[4,6],"4":[3,3],"5":[3,0]},"_coverageSchema":"1a1c01bbd47fc00a2c39e90264f33305004495a9","hash":"541ed705370543d5517eb67d3b9b21664ee5a481"}
,"/Users/amaesanchez/Rithm29/program/Exercises/jobly/helpers/tokens.js": {"path":"/Users/amaesanchez/Rithm29/program/Exercises/jobly/helpers/tokens.js","statementMap":{"0":{"start":{"line":1,"column":12},"end":{"line":1,"column":35}},"1":{"start":{"line":2,"column":23},"end":{"line":2,"column":43}},"2":{"start":{"line":7,"column":2},"end":{"line":8,"column":58}},"3":{"start":{"line":10,"column":16},"end":{"line":13,"column":3}},"4":{"start":{"line":15,"column":2},"end":{"line":15,"column":39}},"5":{"start":{"line":18,"column":0},"end":{"line":18,"column":33}}},"fnMap":{"0":{"name":"createToken","decl":{"start":{"line":6,"column":9},"end":{"line":6,"column":20}},"loc":{"start":{"line":6,"column":27},"end":{"line":16,"column":1}},"line":6}},"branchMap":{"0":{"loc":{"start":{"line":12,"column":13},"end":{"line":12,"column":34}},"type":"binary-expr","locations":[{"start":{"line":12,"column":13},"end":{"line":12,"column":25}},{"start":{"line":12,"column":29},"end":{"line":12,"column":34}}],"line":12}},"s":{"0":5,"1":5,"2":13,"3":13,"4":13,"5":5},"f":{"0":13},"b":{"0":[13,8]},"_coverageSchema":"1a1c01bbd47fc00a2c39e90264f33305004495a9","hash":"315cef8deba32777320597e05b41ddd61d8df856"}
,"/Users/amaesanchez/Rithm29/program/Exercises/jobly/middleware/auth.js": {"path":"/Users/amaesanchez/Rithm29/program/Exercises/jobly/middleware/auth.js","statementMap":{"0":{"start":{"line":5,"column":12},"end":{"line":5,"column":35}},"1":{"start":{"line":6,"column":23},"end":{"line":6,"column":43}},"2":{"start":{"line":7,"column":30},"end":{"line":7,"column":56}},"3":{"start":{"line":19,"column":2},"end":{"line":29,"column":3}},"4":{"start":{"line":21,"column":23},"end":{"line":21,"column":63}},"5":{"start":{"line":22,"column":4},"end":{"line":25,"column":5}},"6":{"start":{"line":23,"column":20},"end":{"line":23,"column":64}},"7":{"start":{"line":24,"column":6},"end":{"line":24,"column":54}},"8":{"start":{"line":26,"column":4},"end":{"line":26,"column":18}},"9":{"start":{"line":28,"column":4},"end":{"line":28,"column":18}},"10":{"start":{"line":38,"column":2},"end":{"line":38,"column":54}},"11":{"start":{"line":38,"column":24},"end":{"line":38,"column":54}},"12":{"start":{"line":39,"column":2},"end":{"line":39,"column":16}},"13":{"start":{"line":47,"column":15},"end":{"line":47,"column":30}},"14":{"start":{"line":48,"column":2},"end":{"line":48,"column":60}},"15":{"start":{"line":48,"column":30},"end":{"line":48,"column":60}},"16":{"start":{"line":49,"column":2},"end":{"line":49,"column":16}},"17":{"start":{"line":58,"column":15},"end":{"line":58,"column":30}},"18":{"start":{"line":60,"column":2},"end":{"line":62,"column":3}},"19":{"start":{"line":61,"column":4},"end":{"line":61,"column":18}},"20":{"start":{"line":63,"column":2},"end":{"line":63,"column":32}},"21":{"start":{"line":66,"column":0},"end":{"line":71,"column":2}}},"fnMap":{"0":{"name":"authenticateJWT","decl":{"start":{"line":18,"column":9},"end":{"line":18,"column":24}},"loc":{"start":{"line":18,"column":41},"end":{"line":30,"column":1}},"line":18},"1":{"name":"ensureLoggedIn","decl":{"start":{"line":37,"column":9},"end":{"line":37,"column":23}},"loc":{"start":{"line":37,"column":40},"end":{"line":40,"column":1}},"line":37},"2":{"name":"ensureAdminLoggedIn","decl":{"start":{"line":46,"column":9},"end":{"line":46,"column":28}},"loc":{"start":{"line":46,"column":45},"end":{"line":50,"column":1}},"line":46},"3":{"name":"ensureCurrUserOrAdmin","decl":{"start":{"line":57,"column":9},"end":{"line":57,"column":30}},"loc":{"start":{"line":57,"column":47},"end":{"line":64,"column":1}},"line":57}},"branchMap":{"0":{"loc":{"start":{"line":21,"column":23},"end":{"line":21,"column":63}},"type":"binary-expr","locations":[{"start":{"line":21,"column":23},"end":{"line":21,"column":34}},{"start":{"line":21,"column":38},"end":{"line":21,"column":63}}],"line":21},"1":{"loc":{"start":{"line":22,"column":4},"end":{"line":25,"column":5}},"type":"if","locations":[{"start":{"line":22,"column":4},"end":{"line":25,"column":5}},{"start":{},"end":{}}],"line":22},"2":{"loc":{"start":{"line":38,"column":2},"end":{"line":38,"column":54}},"type":"if","locations":[{"start":{"line":38,"column":2},"end":{"line":38,"column":54}},{"start":{},"end":{}}],"line":38},"3":{"loc":{"start":{"line":48,"column":2},"end":{"line":48,"column":60}},"type":"if","locations":[{"start":{"line":48,"column":2},"end":{"line":48,"column":60}},{"start":{},"end":{}}],"line":48},"4":{"loc":{"start":{"line":48,"column":6},"end":{"line":48,"column":28}},"type":"binary-expr","locations":[{"start":{"line":48,"column":6},"end":{"line":48,"column":11}},{"start":{"line":48,"column":15},"end":{"line":48,"column":28}}],"line":48},"5":{"loc":{"start":{"line":60,"column":2},"end":{"line":62,"column":3}},"type":"if","locations":[{"start":{"line":60,"column":2},"end":{"line":62,"column":3}},{"start":{},"end":{}}],"line":60},"6":{"loc":{"start":{"line":60,"column":6},"end":{"line":60,"column":62}},"type":"binary-expr","locations":[{"start":{"line":60,"column":6},"end":{"line":60,"column":19}},{"start":{"line":60,"column":23},"end":{"line":60,"column":62}}],"line":60}},"s":{"0":5,"1":5,"2":5,"3":61,"4":61,"5":61,"6":37,"7":37,"8":60,"9":1,"10":2,"11":1,"12":1,"13":24,"14":24,"15":9,"16":15,"17":17,"18":17,"19":11,"20":6,"21":5},"f":{"0":61,"1":2,"2":24,"3":17},"b":{"0":[61,60],"1":[37,24],"2":[1,1],"3":[9,15],"4":[24,20],"5":[11,6],"6":[17,11]},"_coverageSchema":"1a1c01bbd47fc00a2c39e90264f33305004495a9","hash":"682d98f235e8ca80a81120b8303059dbb73be496"}
,"/Users/amaesanchez/Rithm29/program/Exercises/jobly/models/_testCommon.js": {"path":"/Users/amaesanchez/Rithm29/program/Exercises/jobly/models/_testCommon.js","statementMap":{"0":{"start":{"line":1,"column":15},"end":{"line":1,"column":32}},"1":{"start":{"line":3,"column":11},"end":{"line":3,"column":30}},"2":{"start":{"line":4,"column":31},"end":{"line":4,"column":51}},"3":{"start":{"line":8,"column":2},"end":{"line":8,"column":42}},"4":{"start":{"line":10,"column":2},"end":{"line":10,"column":38}},"5":{"start":{"line":12,"column":2},"end":{"line":16,"column":55}},"6":{"start":{"line":18,"column":2},"end":{"line":30,"column":9}},"7":{"start":{"line":34,"column":2},"end":{"line":34,"column":26}},"8":{"start":{"line":38,"column":2},"end":{"line":38,"column":29}},"9":{"start":{"line":42,"column":2},"end":{"line":42,"column":17}},"10":{"start":{"line":46,"column":0},"end":{"line":51,"column":2}}},"fnMap":{"0":{"name":"commonBeforeAll","decl":{"start":{"line":6,"column":15},"end":{"line":6,"column":30}},"loc":{"start":{"line":6,"column":33},"end":{"line":31,"column":1}},"line":6},"1":{"name":"commonBeforeEach","decl":{"start":{"line":33,"column":15},"end":{"line":33,"column":31}},"loc":{"start":{"line":33,"column":34},"end":{"line":35,"column":1}},"line":33},"2":{"name":"commonAfterEach","decl":{"start":{"line":37,"column":15},"end":{"line":37,"column":30}},"loc":{"start":{"line":37,"column":33},"end":{"line":39,"column":1}},"line":37},"3":{"name":"commonAfterAll","decl":{"start":{"line":41,"column":15},"end":{"line":41,"column":29}},"loc":{"start":{"line":41,"column":32},"end":{"line":43,"column":1}},"line":41}},"branchMap":{},"s":{"0":2,"1":2,"2":2,"3":2,"4":2,"5":2,"6":2,"7":29,"8":29,"9":2,"10":2},"f":{"0":2,"1":29,"2":29,"3":2},"b":{},"_coverageSchema":"1a1c01bbd47fc00a2c39e90264f33305004495a9","hash":"7f419bc41b04ae84547ed9684daac915c6a5a162"}
,"/Users/amaesanchez/Rithm29/program/Exercises/jobly/models/company.js": {"path":"/Users/amaesanchez/Rithm29/program/Exercises/jobly/models/company.js","statementMap":{"0":{"start":{"line":3,"column":11},"end":{"line":3,"column":27}},"1":{"start":{"line":4,"column":43},"end":{"line":4,"column":69}},"2":{"start":{"line":5,"column":49},"end":{"line":5,"column":74}},"3":{"start":{"line":20,"column":27},"end":{"line":25,"column":5}},"4":{"start":{"line":27,"column":4},"end":{"line":28,"column":64}},"5":{"start":{"line":28,"column":6},"end":{"line":28,"column":64}},"6":{"start":{"line":30,"column":19},"end":{"line":41,"column":5}},"7":{"start":{"line":42,"column":20},"end":{"line":42,"column":34}},"8":{"start":{"line":44,"column":4},"end":{"line":44,"column":19}},"9":{"start":{"line":54,"column":4},"end":{"line":54,"column":82}},"10":{"start":{"line":54,"column":54},"end":{"line":54,"column":82}},"11":{"start":{"line":56,"column":16},"end":{"line":56,"column":18}},"12":{"start":{"line":57,"column":31},"end":{"line":57,"column":55}},"13":{"start":{"line":58,"column":4},"end":{"line":58,"column":32}},"14":{"start":{"line":58,"column":16},"end":{"line":58,"column":32}},"15":{"start":{"line":60,"column":21},"end":{"line":68,"column":18}},"16":{"start":{"line":70,"column":25},"end":{"line":70,"column":57}},"17":{"start":{"line":72,"column":4},"end":{"line":72,"column":29}},"18":{"start":{"line":104,"column":23},"end":{"line":113,"column":5}},"19":{"start":{"line":115,"column":20},"end":{"line":115,"column":38}},"20":{"start":{"line":117,"column":4},"end":{"line":117,"column":67}},"21":{"start":{"line":117,"column":18},"end":{"line":117,"column":67}},"22":{"start":{"line":119,"column":4},"end":{"line":119,"column":19}},"23":{"start":{"line":135,"column":32},"end":{"line":138,"column":6}},"24":{"start":{"line":139,"column":25},"end":{"line":139,"column":50}},"25":{"start":{"line":141,"column":21},"end":{"line":145,"column":100}},"26":{"start":{"line":146,"column":19},"end":{"line":146,"column":64}},"27":{"start":{"line":147,"column":20},"end":{"line":147,"column":34}},"28":{"start":{"line":149,"column":4},"end":{"line":149,"column":67}},"29":{"start":{"line":149,"column":18},"end":{"line":149,"column":67}},"30":{"start":{"line":151,"column":4},"end":{"line":151,"column":19}},"31":{"start":{"line":160,"column":19},"end":{"line":166,"column":5}},"32":{"start":{"line":167,"column":20},"end":{"line":167,"column":34}},"33":{"start":{"line":169,"column":4},"end":{"line":169,"column":67}},"34":{"start":{"line":169,"column":18},"end":{"line":169,"column":67}},"35":{"start":{"line":173,"column":0},"end":{"line":173,"column":25}}},"fnMap":{"0":{"name":"(anonymous_0)","decl":{"start":{"line":19,"column":2},"end":{"line":19,"column":3}},"loc":{"start":{"line":19,"column":76},"end":{"line":45,"column":3}},"line":19},"1":{"name":"(anonymous_1)","decl":{"start":{"line":53,"column":2},"end":{"line":53,"column":3}},"loc":{"start":{"line":53,"column":32},"end":{"line":93,"column":3}},"line":53},"2":{"name":"(anonymous_2)","decl":{"start":{"line":103,"column":2},"end":{"line":103,"column":3}},"loc":{"start":{"line":103,"column":27},"end":{"line":120,"column":3}},"line":103},"3":{"name":"(anonymous_3)","decl":{"start":{"line":134,"column":2},"end":{"line":134,"column":3}},"loc":{"start":{"line":134,"column":36},"end":{"line":152,"column":3}},"line":134},"4":{"name":"(anonymous_4)","decl":{"start":{"line":159,"column":2},"end":{"line":159,"column":3}},"loc":{"start":{"line":159,"column":30},"end":{"line":170,"column":3}},"line":159}},"branchMap":{"0":{"loc":{"start":{"line":27,"column":4},"end":{"line":28,"column":64}},"type":"if","locations":[{"start":{"line":27,"column":4},"end":{"line":28,"column":64}},{"start":{},"end":{}}],"line":27},"1":{"loc":{"start":{"line":54,"column":4},"end":{"line":54,"column":82}},"type":"if","locations":[{"start":{"line":54,"column":4},"end":{"line":54,"column":82}},{"start":{},"end":{}}],"line":54},"2":{"loc":{"start":{"line":58,"column":4},"end":{"line":58,"column":32}},"type":"if","locations":[{"start":{"line":58,"column":4},"end":{"line":58,"column":32}},{"start":{},"end":{}}],"line":58},"3":{"loc":{"start":{"line":117,"column":4},"end":{"line":117,"column":67}},"type":"if","locations":[{"start":{"line":117,"column":4},"end":{"line":117,"column":67}},{"start":{},"end":{}}],"line":117},"4":{"loc":{"start":{"line":149,"column":4},"end":{"line":149,"column":67}},"type":"if","locations":[{"start":{"line":149,"column":4},"end":{"line":149,"column":67}},{"start":{},"end":{}}],"line":149},"5":{"loc":{"start":{"line":169,"column":4},"end":{"line":169,"column":67}},"type":"if","locations":[{"start":{"line":169,"column":4},"end":{"line":169,"column":67}},{"start":{},"end":{}}],"line":169}},"s":{"0":5,"1":5,"2":5,"3":13,"4":13,"5":1,"6":12,"7":12,"8":12,"9":7,"10":1,"11":6,"12":6,"13":6,"14":3,"15":6,"16":6,"17":5,"18":5,"19":5,"20":5,"21":2,"22":3,"23":6,"24":5,"25":5,"26":5,"27":5,"28":5,"29":2,"30":3,"31":4,"32":4,"33":4,"34":2,"35":5},"f":{"0":13,"1":7,"2":5,"3":6,"4":4},"b":{"0":[1,12],"1":[1,6],"2":[3,3],"3":[2,3],"4":[2,3],"5":[2,2]},"_coverageSchema":"1a1c01bbd47fc00a2c39e90264f33305004495a9","hash":"b1c23266c8566433e279d7f90350a365dcf82f3c"}
,"/Users/amaesanchez/Rithm29/program/Exercises/jobly/models/user.js": {"path":"/Users/amaesanchez/Rithm29/program/Exercises/jobly/models/user.js","statementMap":{"0":{"start":{"line":3,"column":11},"end":{"line":3,"column":27}},"1":{"start":{"line":4,"column":15},"end":{"line":4,"column":32}},"2":{"start":{"line":5,"column":32},"end":{"line":5,"column":57}},"3":{"start":{"line":10,"column":4},"end":{"line":10,"column":30}},"4":{"start":{"line":12,"column":31},"end":{"line":12,"column":54}},"5":{"start":{"line":26,"column":19},"end":{"line":36,"column":5}},"6":{"start":{"line":38,"column":17},"end":{"line":38,"column":31}},"7":{"start":{"line":40,"column":4},"end":{"line":47,"column":5}},"8":{"start":{"line":42,"column":22},"end":{"line":42,"column":67}},"9":{"start":{"line":43,"column":6},"end":{"line":46,"column":7}},"10":{"start":{"line":44,"column":8},"end":{"line":44,"column":29}},"11":{"start":{"line":45,"column":8},"end":{"line":45,"column":20}},"12":{"start":{"line":49,"column":4},"end":{"line":49,"column":61}},"13":{"start":{"line":61,"column":27},"end":{"line":66,"column":5}},"14":{"start":{"line":68,"column":4},"end":{"line":70,"column":5}},"15":{"start":{"line":69,"column":6},"end":{"line":69,"column":67}},"16":{"start":{"line":72,"column":27},"end":{"line":72,"column":74}},"17":{"start":{"line":74,"column":19},"end":{"line":92,"column":5}},"18":{"start":{"line":94,"column":17},"end":{"line":94,"column":31}},"19":{"start":{"line":96,"column":4},"end":{"line":96,"column":16}},"20":{"start":{"line":105,"column":19},"end":{"line":113,"column":5}},"21":{"start":{"line":115,"column":4},"end":{"line":115,"column":23}},"22":{"start":{"line":127,"column":20},"end":{"line":136,"column":5}},"23":{"start":{"line":138,"column":17},"end":{"line":138,"column":32}},"24":{"start":{"line":140,"column":4},"end":{"line":140,"column":63}},"25":{"start":{"line":140,"column":15},"end":{"line":140,"column":63}},"26":{"start":{"line":142,"column":4},"end":{"line":142,"column":16}},"27":{"start":{"line":163,"column":4},"end":{"line":165,"column":5}},"28":{"start":{"line":164,"column":6},"end":{"line":164,"column":75}},"29":{"start":{"line":167,"column":32},"end":{"line":173,"column":10}},"30":{"start":{"line":174,"column":27},"end":{"line":174,"column":52}},"31":{"start":{"line":176,"column":21},"end":{"line":183,"column":54}},"32":{"start":{"line":184,"column":19},"end":{"line":184,"column":66}},"33":{"start":{"line":185,"column":17},"end":{"line":185,"column":31}},"34":{"start":{"line":187,"column":4},"end":{"line":187,"column":63}},"35":{"start":{"line":187,"column":15},"end":{"line":187,"column":63}},"36":{"start":{"line":189,"column":4},"end":{"line":189,"column":25}},"37":{"start":{"line":190,"column":4},"end":{"line":190,"column":16}},"38":{"start":{"line":196,"column":17},"end":{"line":202,"column":5}},"39":{"start":{"line":203,"column":17},"end":{"line":203,"column":31}},"40":{"start":{"line":205,"column":4},"end":{"line":205,"column":63}},"41":{"start":{"line":205,"column":15},"end":{"line":205,"column":63}},"42":{"start":{"line":210,"column":0},"end":{"line":210,"column":22}}},"fnMap":{"0":{"name":"(anonymous_0)","decl":{"start":{"line":24,"column":2},"end":{"line":24,"column":3}},"loc":{"start":{"line":24,"column":48},"end":{"line":50,"column":3}},"line":24},"1":{"name":"(anonymous_1)","decl":{"start":{"line":59,"column":2},"end":{"line":59,"column":3}},"loc":{"start":{"line":60,"column":67},"end":{"line":97,"column":3}},"line":60},"2":{"name":"(anonymous_2)","decl":{"start":{"line":104,"column":2},"end":{"line":104,"column":3}},"loc":{"start":{"line":104,"column":25},"end":{"line":116,"column":3}},"line":104},"3":{"name":"(anonymous_3)","decl":{"start":{"line":126,"column":2},"end":{"line":126,"column":3}},"loc":{"start":{"line":126,"column":29},"end":{"line":143,"column":3}},"line":126},"4":{"name":"(anonymous_4)","decl":{"start":{"line":162,"column":2},"end":{"line":162,"column":3}},"loc":{"start":{"line":162,"column":38},"end":{"line":191,"column":3}},"line":162},"5":{"name":"(anonymous_5)","decl":{"start":{"line":195,"column":2},"end":{"line":195,"column":3}},"loc":{"start":{"line":195,"column":32},"end":{"line":206,"column":3}},"line":195}},"branchMap":{"0":{"loc":{"start":{"line":40,"column":4},"end":{"line":47,"column":5}},"type":"if","locations":[{"start":{"line":40,"column":4},"end":{"line":47,"column":5}},{"start":{},"end":{}}],"line":40},"1":{"loc":{"start":{"line":43,"column":6},"end":{"line":46,"column":7}},"type":"if","locations":[{"start":{"line":43,"column":6},"end":{"line":46,"column":7}},{"start":{},"end":{}}],"line":43},"2":{"loc":{"start":{"line":68,"column":4},"end":{"line":70,"column":5}},"type":"if","locations":[{"start":{"line":68,"column":4},"end":{"line":70,"column":5}},{"start":{},"end":{}}],"line":68},"3":{"loc":{"start":{"line":140,"column":4},"end":{"line":140,"column":63}},"type":"if","locations":[{"start":{"line":140,"column":4},"end":{"line":140,"column":63}},{"start":{},"end":{}}],"line":140},"4":{"loc":{"start":{"line":163,"column":4},"end":{"line":165,"column":5}},"type":"if","locations":[{"start":{"line":163,"column":4},"end":{"line":165,"column":5}},{"start":{},"end":{}}],"line":163},"5":{"loc":{"start":{"line":187,"column":4},"end":{"line":187,"column":63}},"type":"if","locations":[{"start":{"line":187,"column":4},"end":{"line":187,"column":63}},{"start":{},"end":{}}],"line":187},"6":{"loc":{"start":{"line":205,"column":4},"end":{"line":205,"column":63}},"type":"if","locations":[{"start":{"line":205,"column":4},"end":{"line":205,"column":63}},{"start":{},"end":{}}],"line":205}},"s":{"0":5,"1":5,"2":5,"3":5,"4":5,"5":7,"6":7,"7":7,"8":4,"9":4,"10":3,"11":3,"12":4,"13":19,"14":19,"15":1,"16":18,"17":18,"18":18,"19":18,"20":3,"21":2,"22":5,"23":5,"24":5,"25":2,"26":3,"27":8,"28":2,"29":8,"30":7,"31":7,"32":7,"33":7,"34":7,"35":2,"36":5,"37":5,"38":5,"39":5,"40":5,"41":2,"42":5},"f":{"0":7,"1":19,"2":3,"3":5,"4":8,"5":5},"b":{"0":[4,3],"1":[3,1],"2":[1,18],"3":[2,3],"4":[2,6],"5":[2,5],"6":[2,3]},"_coverageSchema":"1a1c01bbd47fc00a2c39e90264f33305004495a9","hash":"0e6cb7356756ad22190025c57c24810a3d5e6d53"}
,"/Users/amaesanchez/Rithm29/program/Exercises/jobly/routes/_testCommon.js": {"path":"/Users/amaesanchez/Rithm29/program/Exercises/jobly/routes/_testCommon.js","statementMap":{"0":{"start":{"line":3,"column":11},"end":{"line":3,"column":30}},"1":{"start":{"line":4,"column":13},"end":{"line":4,"column":38}},"2":{"start":{"line":5,"column":16},"end":{"line":5,"column":44}},"3":{"start":{"line":6,"column":24},"end":{"line":6,"column":52}},"4":{"start":{"line":10,"column":2},"end":{"line":10,"column":38}},"5":{"start":{"line":12,"column":2},"end":{"line":12,"column":42}},"6":{"start":{"line":14,"column":2},"end":{"line":21,"column":9}},"7":{"start":{"line":22,"column":2},"end":{"line":29,"column":9}},"8":{"start":{"line":30,"column":2},"end":{"line":37,"column":9}},"9":{"start":{"line":39,"column":2},"end":{"line":46,"column":5}},"10":{"start":{"line":47,"column":2},"end":{"line":54,"column":5}},"11":{"start":{"line":55,"column":2},"end":{"line":62,"column":5}},"12":{"start":{"line":63,"column":2},"end":{"line":70,"column":4}},"13":{"start":{"line":75,"column":2},"end":{"line":75,"column":26}},"14":{"start":{"line":79,"column":2},"end":{"line":79,"column":29}},"15":{"start":{"line":83,"column":2},"end":{"line":83,"column":17}},"16":{"start":{"line":87,"column":16},"end":{"line":87,"column":63}},"17":{"start":{"line":88,"column":19},"end":{"line":88,"column":67}},"18":{"start":{"line":91,"column":0},"end":{"line":98,"column":2}}},"fnMap":{"0":{"name":"commonBeforeAll","decl":{"start":{"line":8,"column":15},"end":{"line":8,"column":30}},"loc":{"start":{"line":8,"column":33},"end":{"line":72,"column":1}},"line":8},"1":{"name":"commonBeforeEach","decl":{"start":{"line":74,"column":15},"end":{"line":74,"column":31}},"loc":{"start":{"line":74,"column":34},"end":{"line":76,"column":1}},"line":74},"2":{"name":"commonAfterEach","decl":{"start":{"line":78,"column":15},"end":{"line":78,"column":30}},"loc":{"start":{"line":78,"column":33},"end":{"line":80,"column":1}},"line":78},"3":{"name":"commonAfterAll","decl":{"start":{"line":82,"column":15},"end":{"line":82,"column":29}},"loc":{"start":{"line":82,"column":32},"end":{"line":84,"column":1}},"line":82}},"branchMap":{},"s":{"0":3,"1":3,"2":3,"3":3,"4":3,"5":3,"6":3,"7":3,"8":3,"9":3,"10":3,"11":3,"12":3,"13":56,"14":56,"15":3,"16":3,"17":3,"18":3},"f":{"0":3,"1":56,"2":56,"3":3},"b":{},"_coverageSchema":"1a1c01bbd47fc00a2c39e90264f33305004495a9","hash":"9ac2c2eda8e3224a5495ec36bf2e5902a0c40e7c"}
,"/Users/amaesanchez/Rithm29/program/Exercises/jobly/routes/auth.js": {"path":"/Users/amaesanchez/Rithm29/program/Exercises/jobly/routes/auth.js","statementMap":{"0":{"start":{"line":5,"column":19},"end":{"line":5,"column":40}},"1":{"start":{"line":7,"column":13},"end":{"line":7,"column":38}},"2":{"start":{"line":8,"column":16},"end":{"line":8,"column":34}},"3":{"start":{"line":9,"column":15},"end":{"line":9,"column":35}},"4":{"start":{"line":10,"column":24},"end":{"line":10,"column":52}},"5":{"start":{"line":11,"column":23},"end":{"line":11,"column":58}},"6":{"start":{"line":12,"column":27},"end":{"line":12,"column":66}},"7":{"start":{"line":13,"column":28},"end":{"line":13,"column":54}},"8":{"start":{"line":22,"column":0},"end":{"line":37,"column":3}},"9":{"start":{"line":23,"column":20},"end":{"line":27,"column":3}},"10":{"start":{"line":28,"column":2},"end":{"line":31,"column":3}},"11":{"start":{"line":29,"column":17},"end":{"line":29,"column":51}},"12":{"start":{"line":29,"column":43},"end":{"line":29,"column":50}},"13":{"start":{"line":30,"column":4},"end":{"line":30,"column":36}},"14":{"start":{"line":33,"column":33},"end":{"line":33,"column":41}},"15":{"start":{"line":34,"column":15},"end":{"line":34,"column":58}},"16":{"start":{"line":35,"column":16},"end":{"line":35,"column":33}},"17":{"start":{"line":36,"column":2},"end":{"line":36,"column":29}},"18":{"start":{"line":49,"column":0},"end":{"line":63,"column":3}},"19":{"start":{"line":50,"column":20},"end":{"line":54,"column":3}},"20":{"start":{"line":55,"column":2},"end":{"line":58,"column":3}},"21":{"start":{"line":56,"column":17},"end":{"line":56,"column":51}},"22":{"start":{"line":56,"column":43},"end":{"line":56,"column":50}},"23":{"start":{"line":57,"column":4},"end":{"line":57,"column":36}},"24":{"start":{"line":60,"column":18},"end":{"line":60,"column":70}},"25":{"start":{"line":61,"column":16},"end":{"line":61,"column":36}},"26":{"start":{"line":62,"column":2},"end":{"line":62,"column":41}},"27":{"start":{"line":66,"column":0},"end":{"line":66,"column":24}}},"fnMap":{"0":{"name":"(anonymous_0)","decl":{"start":{"line":22,"column":22},"end":{"line":22,"column":23}},"loc":{"start":{"line":22,"column":54},"end":{"line":37,"column":1}},"line":22},"1":{"name":"(anonymous_1)","decl":{"start":{"line":29,"column":38},"end":{"line":29,"column":39}},"loc":{"start":{"line":29,"column":43},"end":{"line":29,"column":50}},"line":29},"2":{"name":"(anonymous_2)","decl":{"start":{"line":49,"column":25},"end":{"line":49,"column":26}},"loc":{"start":{"line":49,"column":57},"end":{"line":63,"column":1}},"line":49},"3":{"name":"(anonymous_3)","decl":{"start":{"line":56,"column":38},"end":{"line":56,"column":39}},"loc":{"start":{"line":56,"column":43},"end":{"line":56,"column":50}},"line":56}},"branchMap":{"0":{"loc":{"start":{"line":28,"column":2},"end":{"line":31,"column":3}},"type":"if","locations":[{"start":{"line":28,"column":2},"end":{"line":31,"column":3}},{"start":{},"end":{}}],"line":28},"1":{"loc":{"start":{"line":55,"column":2},"end":{"line":58,"column":3}},"type":"if","locations":[{"start":{"line":55,"column":2},"end":{"line":58,"column":3}},{"start":{},"end":{}}],"line":55}},"s":{"0":4,"1":4,"2":4,"3":4,"4":4,"5":4,"6":4,"7":4,"8":4,"9":5,"10":5,"11":2,"12":2,"13":2,"14":3,"15":3,"16":1,"17":1,"18":4,"19":3,"20":3,"21":2,"22":5,"23":2,"24":1,"25":1,"26":1,"27":4},"f":{"0":5,"1":2,"2":3,"3":5},"b":{"0":[2,3],"1":[2,1]},"_coverageSchema":"1a1c01bbd47fc00a2c39e90264f33305004495a9","hash":"a975444f1834d1303befe95250c8c035b9260eca"}
,"/Users/amaesanchez/Rithm29/program/Exercises/jobly/routes/companies.js": {"path":"/Users/amaesanchez/Rithm29/program/Exercises/jobly/routes/companies.js","statementMap":{"0":{"start":{"line":5,"column":19},"end":{"line":5,"column":40}},"1":{"start":{"line":6,"column":16},"end":{"line":6,"column":34}},"2":{"start":{"line":8,"column":28},"end":{"line":8,"column":54}},"3":{"start":{"line":9,"column":48},"end":{"line":9,"column":77}},"4":{"start":{"line":10,"column":16},"end":{"line":10,"column":44}},"5":{"start":{"line":12,"column":25},"end":{"line":12,"column":62}},"6":{"start":{"line":13,"column":28},"end":{"line":13,"column":68}},"7":{"start":{"line":14,"column":22},"end":{"line":14,"column":62}},"8":{"start":{"line":16,"column":15},"end":{"line":16,"column":35}},"9":{"start":{"line":27,"column":0},"end":{"line":38,"column":3}},"10":{"start":{"line":28,"column":20},"end":{"line":30,"column":4}},"11":{"start":{"line":31,"column":2},"end":{"line":34,"column":3}},"12":{"start":{"line":32,"column":17},"end":{"line":32,"column":53}},"13":{"start":{"line":32,"column":45},"end":{"line":32,"column":52}},"14":{"start":{"line":33,"column":4},"end":{"line":33,"column":36}},"15":{"start":{"line":36,"column":18},"end":{"line":36,"column":48}},"16":{"start":{"line":37,"column":2},"end":{"line":37,"column":43}},"17":{"start":{"line":51,"column":0},"end":{"line":70,"column":3}},"18":{"start":{"line":52,"column":22},"end":{"line":52,"column":31}},"19":{"start":{"line":53,"column":2},"end":{"line":55,"column":3}},"20":{"start":{"line":54,"column":4},"end":{"line":54,"column":64}},"21":{"start":{"line":56,"column":2},"end":{"line":58,"column":3}},"22":{"start":{"line":57,"column":4},"end":{"line":57,"column":64}},"23":{"start":{"line":59,"column":20},"end":{"line":61,"column":4}},"24":{"start":{"line":63,"column":2},"end":{"line":66,"column":3}},"25":{"start":{"line":64,"column":17},"end":{"line":64,"column":53}},"26":{"start":{"line":64,"column":45},"end":{"line":64,"column":52}},"27":{"start":{"line":65,"column":4},"end":{"line":65,"column":36}},"28":{"start":{"line":68,"column":20},"end":{"line":68,"column":54}},"29":{"start":{"line":69,"column":2},"end":{"line":69,"column":33}},"30":{"start":{"line":80,"column":0},"end":{"line":83,"column":3}},"31":{"start":{"line":81,"column":18},"end":{"line":81,"column":54}},"32":{"start":{"line":82,"column":2},"end":{"line":82,"column":31}},"33":{"start":{"line":96,"column":0},"end":{"line":107,"column":3}},"34":{"start":{"line":97,"column":20},"end":{"line":99,"column":4}},"35":{"start":{"line":100,"column":2},"end":{"line":103,"column":3}},"36":{"start":{"line":101,"column":17},"end":{"line":101,"column":53}},"37":{"start":{"line":101,"column":45},"end":{"line":101,"column":52}},"38":{"start":{"line":102,"column":4},"end":{"line":102,"column":36}},"39":{"start":{"line":105,"column":18},"end":{"line":105,"column":67}},"40":{"start":{"line":106,"column":2},"end":{"line":106,"column":31}},"41":{"start":{"line":114,"column":0},"end":{"line":117,"column":3}},"42":{"start":{"line":115,"column":2},"end":{"line":115,"column":42}},"43":{"start":{"line":116,"column":2},"end":{"line":116,"column":50}},"44":{"start":{"line":119,"column":0},"end":{"line":119,"column":24}}},"fnMap":{"0":{"name":"(anonymous_0)","decl":{"start":{"line":27,"column":38},"end":{"line":27,"column":39}},"loc":{"start":{"line":27,"column":70},"end":{"line":38,"column":1}},"line":27},"1":{"name":"(anonymous_1)","decl":{"start":{"line":32,"column":38},"end":{"line":32,"column":39}},"loc":{"start":{"line":32,"column":45},"end":{"line":32,"column":52}},"line":32},"2":{"name":"(anonymous_2)","decl":{"start":{"line":51,"column":16},"end":{"line":51,"column":17}},"loc":{"start":{"line":51,"column":48},"end":{"line":70,"column":1}},"line":51},"3":{"name":"(anonymous_3)","decl":{"start":{"line":64,"column":38},"end":{"line":64,"column":39}},"loc":{"start":{"line":64,"column":45},"end":{"line":64,"column":52}},"line":64},"4":{"name":"(anonymous_4)","decl":{"start":{"line":80,"column":23},"end":{"line":80,"column":24}},"loc":{"start":{"line":80,"column":55},"end":{"line":83,"column":1}},"line":80},"5":{"name":"(anonymous_5)","decl":{"start":{"line":96,"column":46},"end":{"line":96,"column":47}},"loc":{"start":{"line":96,"column":78},"end":{"line":107,"column":1}},"line":96},"6":{"name":"(anonymous_6)","decl":{"start":{"line":101,"column":38},"end":{"line":101,"column":39}},"loc":{"start":{"line":101,"column":45},"end":{"line":101,"column":52}},"line":101},"7":{"name":"(anonymous_7)","decl":{"start":{"line":114,"column":47},"end":{"line":114,"column":48}},"loc":{"start":{"line":114,"column":79},"end":{"line":117,"column":1}},"line":114}},"branchMap":{"0":{"loc":{"start":{"line":31,"column":2},"end":{"line":34,"column":3}},"type":"if","locations":[{"start":{"line":31,"column":2},"end":{"line":34,"column":3}},{"start":{},"end":{}}],"line":31},"1":{"loc":{"start":{"line":53,"column":2},"end":{"line":55,"column":3}},"type":"if","locations":[{"start":{"line":53,"column":2},"end":{"line":55,"column":3}},{"start":{},"end":{}}],"line":53},"2":{"loc":{"start":{"line":56,"column":2},"end":{"line":58,"column":3}},"type":"if","locations":[{"start":{"line":56,"column":2},"end":{"line":58,"column":3}},{"start":{},"end":{}}],"line":56},"3":{"loc":{"start":{"line":63,"column":2},"end":{"line":66,"column":3}},"type":"if","locations":[{"start":{"line":63,"column":2},"end":{"line":66,"column":3}},{"start":{},"end":{}}],"line":63},"4":{"loc":{"start":{"line":100,"column":2},"end":{"line":103,"column":3}},"type":"if","locations":[{"start":{"line":100,"column":2},"end":{"line":103,"column":3}},{"start":{},"end":{}}],"line":100}},"s":{"0":4,"1":4,"2":4,"3":4,"4":4,"5":4,"6":4,"7":4,"8":4,"9":4,"10":3,"11":3,"12":2,"13":3,"14":2,"15":1,"16":1,"17":4,"18":4,"19":4,"20":2,"21":4,"22":1,"23":4,"24":4,"25":1,"26":1,"27":1,"28":3,"29":2,"30":4,"31":3,"32":2,"33":4,"34":4,"35":4,"36":2,"37":2,"38":2,"39":2,"40":1,"41":4,"42":2,"43":1,"44":4},"f":{"0":3,"1":3,"2":4,"3":1,"4":3,"5":4,"6":2,"7":2},"b":{"0":[2,1],"1":[2,2],"2":[1,3],"3":[1,3],"4":[2,2]},"_coverageSchema":"1a1c01bbd47fc00a2c39e90264f33305004495a9","hash":"ee4d411599bff866d52100e64ad45e874fdd798e"}
,"/Users/amaesanchez/Rithm29/program/Exercises/jobly/routes/users.js": {"path":"/Users/amaesanchez/Rithm29/program/Exercises/jobly/routes/users.js","statementMap":{"0":{"start":{"line":5,"column":19},"end":{"line":5,"column":40}},"1":{"start":{"line":7,"column":16},"end":{"line":7,"column":34}},"2":{"start":{"line":8,"column":71},"end":{"line":8,"column":100}},"3":{"start":{"line":9,"column":28},"end":{"line":9,"column":54}},"4":{"start":{"line":10,"column":13},"end":{"line":10,"column":38}},"5":{"start":{"line":11,"column":24},"end":{"line":11,"column":52}},"6":{"start":{"line":12,"column":22},"end":{"line":12,"column":56}},"7":{"start":{"line":13,"column":25},"end":{"line":13,"column":62}},"8":{"start":{"line":15,"column":15},"end":{"line":15,"column":31}},"9":{"start":{"line":30,"column":0},"end":{"line":44,"column":3}},"10":{"start":{"line":31,"column":20},"end":{"line":35,"column":3}},"11":{"start":{"line":36,"column":2},"end":{"line":39,"column":3}},"12":{"start":{"line":37,"column":17},"end":{"line":37,"column":51}},"13":{"start":{"line":37,"column":43},"end":{"line":37,"column":50}},"14":{"start":{"line":38,"column":4},"end":{"line":38,"column":36}},"15":{"start":{"line":41,"column":15},"end":{"line":41,"column":44}},"16":{"start":{"line":42,"column":16},"end":{"line":42,"column":33}},"17":{"start":{"line":43,"column":2},"end":{"line":43,"column":47}},"18":{"start":{"line":54,"column":0},"end":{"line":57,"column":3}},"19":{"start":{"line":55,"column":16},"end":{"line":55,"column":36}},"20":{"start":{"line":56,"column":2},"end":{"line":56,"column":29}},"21":{"start":{"line":67,"column":0},"end":{"line":70,"column":3}},"22":{"start":{"line":68,"column":15},"end":{"line":68,"column":50}},"23":{"start":{"line":69,"column":2},"end":{"line":69,"column":28}},"24":{"start":{"line":83,"column":0},"end":{"line":96,"column":3}},"25":{"start":{"line":84,"column":20},"end":{"line":88,"column":3}},"26":{"start":{"line":89,"column":2},"end":{"line":92,"column":3}},"27":{"start":{"line":90,"column":17},"end":{"line":90,"column":51}},"28":{"start":{"line":90,"column":43},"end":{"line":90,"column":50}},"29":{"start":{"line":91,"column":4},"end":{"line":91,"column":36}},"30":{"start":{"line":94,"column":15},"end":{"line":94,"column":63}},"31":{"start":{"line":95,"column":2},"end":{"line":95,"column":28}},"32":{"start":{"line":104,"column":0},"end":{"line":107,"column":3}},"33":{"start":{"line":105,"column":2},"end":{"line":105,"column":41}},"34":{"start":{"line":106,"column":2},"end":{"line":106,"column":52}},"35":{"start":{"line":110,"column":0},"end":{"line":110,"column":24}}},"fnMap":{"0":{"name":"(anonymous_0)","decl":{"start":{"line":30,"column":38},"end":{"line":30,"column":39}},"loc":{"start":{"line":30,"column":70},"end":{"line":44,"column":1}},"line":30},"1":{"name":"(anonymous_1)","decl":{"start":{"line":37,"column":38},"end":{"line":37,"column":39}},"loc":{"start":{"line":37,"column":43},"end":{"line":37,"column":50}},"line":37},"2":{"name":"(anonymous_2)","decl":{"start":{"line":54,"column":37},"end":{"line":54,"column":38}},"loc":{"start":{"line":54,"column":69},"end":{"line":57,"column":1}},"line":54},"3":{"name":"(anonymous_3)","decl":{"start":{"line":67,"column":48},"end":{"line":67,"column":49}},"loc":{"start":{"line":67,"column":80},"end":{"line":70,"column":1}},"line":67},"4":{"name":"(anonymous_4)","decl":{"start":{"line":83,"column":50},"end":{"line":83,"column":51}},"loc":{"start":{"line":83,"column":82},"end":{"line":96,"column":1}},"line":83},"5":{"name":"(anonymous_5)","decl":{"start":{"line":90,"column":38},"end":{"line":90,"column":39}},"loc":{"start":{"line":90,"column":43},"end":{"line":90,"column":50}},"line":90},"6":{"name":"(anonymous_6)","decl":{"start":{"line":104,"column":51},"end":{"line":104,"column":52}},"loc":{"start":{"line":104,"column":83},"end":{"line":107,"column":1}},"line":104}},"branchMap":{"0":{"loc":{"start":{"line":36,"column":2},"end":{"line":39,"column":3}},"type":"if","locations":[{"start":{"line":36,"column":2},"end":{"line":39,"column":3}},{"start":{},"end":{}}],"line":36},"1":{"loc":{"start":{"line":89,"column":2},"end":{"line":92,"column":3}},"type":"if","locations":[{"start":{"line":89,"column":2},"end":{"line":92,"column":3}},{"start":{},"end":{}}],"line":89}},"s":{"0":4,"1":4,"2":4,"3":4,"4":4,"5":4,"6":4,"7":4,"8":4,"9":4,"10":4,"11":4,"12":2,"13":5,"14":2,"15":2,"16":2,"17":2,"18":4,"19":2,"20":1,"21":4,"22":3,"23":2,"24":4,"25":5,"26":5,"27":1,"28":1,"29":1,"30":4,"31":3,"32":4,"33":3,"34":2,"35":4},"f":{"0":4,"1":5,"2":2,"3":3,"4":5,"5":1,"6":3},"b":{"0":[2,2],"1":[1,4]},"_coverageSchema":"1a1c01bbd47fc00a2c39e90264f33305004495a9","hash":"da39480851898a8c23d5f44bef019699b28cfdb0"}
}
